Arguments: 
  /usr/bin/nodejs /usr/bin/yarn add dotenv

PATH: 
  /home/giovanni/.rbenv/shims:/home/giovanni/.rbenv/bin:/usr/bin/jslint:/home/giovanni/bin:/usr/local/sbin:/usr/local/bin:/usr/sbin:/usr/bin:/sbin:/bin:/usr/games:/usr/local/games:/snap/bin:/home/giovanni/.rvm/bin:/home/giovanni/.rvm/bin

Yarn version: 
  0.16.0

Node version: 
  6.9.1

Platform: 
  linux x64

npm manifest: 
  {
    "name": "pinheirinho",
    "version": "0.0.1",
    "description": "",
    "main": "web.js",
    "scripts": {
      "riot": "riot --config riot.config -w",
      "test": "echo \"Error: no test specified\" && exit 1",
      "webpack": "webpack -w"
    },
    "repository": {
      "type": "git",
      "url": "git+ssh://git@bitbucket.org/gifrancischelli/pinheirinho.git"
    },
    "author": "Giovanni Francischelli",
    "license": "ISC",
    "homepage": "https://bitbucket.org/gifrancischelli/pinheirinho#readme",
    "dependencies": {
      "gm": "^1.23.0",
      "keystone": "^4.0.0-beta.3",
      "lodash": "^4.17.2",
      "mailgun-js": "^0.7.14",
      "node-sass-middleware": "^0.10.0",
      "pug": "^2.0.0-beta6",
      "zenscroll": "^3.3.0"
    },
    "devDependencies": {
      "babel-core": "^6.18.2",
      "babel-loader": "^6.2.8",
      "babel-preset-es2015": "^6.18.0",
      "riot": "^3.0.1",
      "riotjs-loader": "^3.0.0",
      "webpack": "^1.13.3"
    }
  }

yarn manifest: 
  No manifest

bower manifest: 
  No manifest

Lockfile: 
  No lockfile

Trace: 
  Error: EACCES: permission denied, unlink '/home/giovanni/repos/pinheirinho/node_modules/sharp/build/Makefile'
      at Error (native)
